Arguments: 
  /usr/local/bin/node /usr/local/Cellar/yarn/1.5.1_1/libexec/bin/yarn.js add --save passport-local

PATH: 
  /usr/local/bin:/usr/bin:/bin:/usr/sbin:/sbin:/Applications/Postgres.app/Contents/Versions/latest/bin

Yarn version: 
  1.5.1

Node version: 
  6.11.3

Platform: 
  darwin x64

npm manifest: 
  {
    "name": "backend",
    "version": "0.0.0",
    "private": true,
    "scripts": {
      "start": "node ./bin/www"
    },
    "dependencies": {
      "bcryptjs": "^2.4.3",
      "body-parser": "~1.18.2",
      "cookie-parser": "~1.4.3",
      "debug": "~2.6.9",
      "express": "~4.15.5",
      "express-fileupload": "^0.4.0",
      "express-session": "^1.15.6",
      "jade": "~1.11.0",
      "morgan": "~1.9.0",
      "passport": "^0.4.0",
      "pg-promise": "^8.2.2",
      "serve-favicon": "~2.4.5"
    }
  }

yarn manifest: 
  No manifest

Lockfile: 
  No lockfile

Trace: 
  Error: Missing list of packages to add to your project.
      at MessageError.Error (native)
      at new MessageError (/usr/local/Cellar/yarn/1.5.1_1/libexec/lib/cli.js:186:110)
      at Object.<anonymous> (/usr/local/Cellar/yarn/1.5.1_1/libexec/lib/cli.js:40587:13)
      at next (native)
      at step (/usr/local/Cellar/yarn/1.5.1_1/libexec/lib/cli.js:98:30)
      at /usr/local/Cellar/yarn/1.5.1_1/libexec/lib/cli.js:116:14
      at Promise.F (/usr/local/Cellar/yarn/1.5.1_1/libexec/lib/cli.js:23451:28)
      at Object.<anonymous> (/usr/local/Cellar/yarn/1.5.1_1/libexec/lib/cli.js:95:12)
      at Object.run (/usr/local/Cellar/yarn/1.5.1_1/libexec/lib/cli.js:40599:19)
      at run (/usr/local/Cellar/yarn/1.5.1_1/libexec/lib/cli.js:89113:20)
